{
  "RSpec": {
    "coverage": {
      "/Users/oleg/projects/oyster_card/spec/journey_spec.rb": [
        1,
        null,
        null,
        1,
        3,
        null,
        1,
        1,
        1,
        null,
        null,
        1,
        1,
        null,
        null,
        null
      ],
      "/Users/oleg/projects/oyster_card/lib/journey.rb": [
        1,
        1,
        null,
        null,
        null
      ],
      "/Users/oleg/projects/oyster_card/spec/oyster_card_spec.rb": [
        1,
        null,
        1,
        null,
        7,
        null,
        6,
        null,
        7,
        null,
        5,
        1,
        1,
        1,
        null,
        null,
        1,
        1,
        null,
        null,
        null,
        1,
        1,
        1,
        1,
        null,
        null,
        1,
        1,
        1,
        2,
        null,
        null,
        null,
        1,
        null,
        1,
        2,
        null,
        1,
        1,
        2,
        null,
        1,
        1,
        1,
        null,
        null,
        null,
        null,
        1,
        null,
        1,
        2,
        null,
        null,
        1,
        1,
        4,
        null,
        1,
        1,
        1,
        1,
        null,
        1,
        1,
        1,
        1,
        null,
        null,
        null
      ],
      "/Users/oleg/projects/oyster_card/lib/oyster_card.rb": [
        1,
        1,
        1,
        1,
        1,
        null,
        1,
        11,
        11,
        11,
        null,
        null,
        1,
        3,
        2,
        null,
        null,
        1,
        7,
        5,
        null,
        null,
        null,
        1,
        4,
        3,
        3,
        3,
        null,
        null,
        1,
        3,
        null,
        null,
        1,
        null,
        1,
        3,
        null,
        null,
        null,
        1,
        7,
        null,
        null,
        1,
        10,
        null,
        null,
        1,
        3,
        null,
        null,
        1,
        3,
        null,
        null,
        1,
        7,
        6,
        null,
        null,
        1,
        4,
        null,
        null,
        null,
        null
      ],
      "/Users/oleg/projects/oyster_card/spec/station_spec.rb": [
        1,
        null,
        1,
        3,
        null,
        1,
        1,
        null,
        null,
        1,
        1,
        null,
        null
      ],
      "/Users/oleg/projects/oyster_card/lib/station.rb": [
        1,
        1,
        2,
        2,
        null,
        1,
        null
      ]
    },
    "timestamp": 1509537973
  }
}
